# JRE version: OpenJDK Runtime Environment Temurin-17.0.7+7 (17.0.7+7) (build 17.0.7+7)
# Java VM: OpenJDK 64-Bit Server VM Temurin-17.0.7+7 (17.0.7+7, mixed mode, tiered, compressed oops, compressed class ptrs, parallel gc, windows-amd64)
GC Precious Log:
 CPUs: 12 total, 12 available
 Memory: 15694M
 Large Page Support: Disabled
 NUMA Support: Disabled
 Compressed Oops: Enabled (32-bit)
 Alignments: Space 512K, Generation 512K, Heap 2M
 Heap Min Capacity: 100M
 Heap Initial Capacity: 100M
 Heap Max Capacity: 1G
 Pre-touch: Disabled
 Parallel Workers: 10
Heap:
 PSYoungGen      total 7168K, used 2046K [0x00000000eab00000, 0x00000000eba00000, 0x0000000100000000)
  eden space 5120K, 0% used [0x00000000eab00000,0x00000000eab00000,0x00000000eb000000)
  from space 2048K, 99% used [0x00000000eb180000,0x00000000eb37fb70,0x00000000eb380000)
  to   space 5120K, 0% used [0x00000000eb500000,0x00000000eb500000,0x00000000eba00000)
 ParOldGen       total 103424K, used 102312K [0x00000000c0000000, 0x00000000c6500000, 0x00000000eab00000)
  object space 103424K, 98% used [0x00000000c0000000,0x00000000c63ea2e8,0x00000000c6500000)
 Metaspace       used 72407K, committed 73344K, reserved 1114112K
  class space    used 7703K, committed 8128K, reserved 1048576K
GC Heap History (20 events):
Event: 1526.638 GC heap after
{Heap after GC invocations=73 (full 5):
 PSYoungGen      total 5632K, used 496K [0x00000000eab00000, 0x00000000eb500000, 0x0000000100000000)
  eden space 5120K, 0% used [0x00000000eab00000,0x00000000eab00000,0x00000000eb000000)
  from space 512K, 96% used [0x00000000eb480000,0x00000000eb4fc010,0x00000000eb500000)
  to   space 1536K, 0% used [0x00000000eb200000,0x00000000eb200000,0x00000000eb380000)
 ParOldGen       total 103424K, used 94050K [0x00000000c0000000, 0x00000000c6500000, 0x00000000eab00000)
  object space 103424K, 90% used [0x00000000c0000000,0x00000000c5bd8948,0x00000000c6500000)
 Metaspace       used 72115K, committed 73088K, reserved 1114112K
  class space    used 7702K, committed 8128K, reserved 1048576K
}
Event: 1549.712 GC heap before
{Heap before GC invocations=74 (full 5):
 PSYoungGen      total 5632K, used 5616K [0x00000000eab00000, 0x00000000eb500000, 0x0000000100000000)
  eden space 5120K, 100% used [0x00000000eab00000,0x00000000eb000000,0x00000000eb000000)
  from space 512K, 96% used [0x00000000eb480000,0x00000000eb4fc010,0x00000000eb500000)
  to   space 1536K, 0% used [0x00000000eb200000,0x00000000eb200000,0x00000000eb380000)
 ParOldGen       total 103424K, used 94050K [0x00000000c0000000, 0x00000000c6500000, 0x00000000eab00000)
  object space 103424K, 90% used [0x00000000c0000000,0x00000000c5bd8948,0x00000000c6500000)
 Metaspace       used 72170K, committed 73152K, reserved 1114112K
  class space    used 7702K, committed 8128K, reserved 1048576K
}
Event: 1549.714 GC heap after
{Heap after GC invocations=74 (full 5):
 PSYoungGen      total 6656K, used 528K [0x00000000eab00000, 0x00000000eb500000, 0x0000000100000000)
  eden space 5120K, 0% used [0x00000000eab00000,0x00000000eab00000,0x00000000eb000000)
  from space 1536K, 34% used [0x00000000eb200000,0x00000000eb284010,0x00000000eb380000)
  to   space 1024K, 0% used [0x00000000eb400000,0x00000000eb400000,0x00000000eb500000)
 ParOldGen       total 103424K, used 94439K [0x00000000c0000000, 0x00000000c6500000, 0x00000000eab00000)
  object space 103424K, 91% used [0x00000000c0000000,0x00000000c5c39de8,0x00000000c6500000)
 Metaspace       used 72170K, committed 73152K, reserved 1114112K
  class space    used 7702K, committed 8128K, reserved 1048576K
}
Event: 1550.609 GC heap before
{Heap before GC invocations=75 (full 5):
 PSYoungGen      total 6656K, used 5648K [0x00000000eab00000, 0x00000000eb500000, 0x0000000100000000)
  eden space 5120K, 100% used [0x00000000eab00000,0x00000000eb000000,0x00000000eb000000)
  from space 1536K, 34% used [0x00000000eb200000,0x00000000eb284010,0x00000000eb380000)
  to   space 1024K, 0% used [0x00000000eb400000,0x00000000eb400000,0x00000000eb500000)
 ParOldGen       total 103424K, used 94439K [0x00000000c0000000, 0x00000000c6500000, 0x00000000eab00000)
  object space 103424K, 91% used [0x00000000c0000000,0x00000000c5c39de8,0x00000000c6500000)
 Metaspace       used 72192K, committed 73152K, reserved 1114112K
  class space    used 7703K, committed 8128K, reserved 1048576K
}
Event: 1550.612 GC heap after
{Heap after GC invocations=75 (full 5):
 PSYoungGen      total 6144K, used 784K [0x00000000eab00000, 0x00000000eb500000, 0x0000000100000000)
  eden space 5120K, 0% used [0x00000000eab00000,0x00000000eab00000,0x00000000eb000000)
  from space 1024K, 76% used [0x00000000eb400000,0x00000000eb4c4010,0x00000000eb500000)
  to   space 1024K, 0% used [0x00000000eb300000,0x00000000eb300000,0x00000000eb400000)
 ParOldGen       total 103424K, used 94796K [0x00000000c0000000, 0x00000000c6500000, 0x00000000eab00000)
  object space 103424K, 91% used [0x00000000c0000000,0x00000000c5c93288,0x00000000c6500000)
 Metaspace       used 72192K, committed 73152K, reserved 1114112K
  class space    used 7703K, committed 8128K, reserved 1048576K
}
Event: 1551.677 GC heap before
{Heap before GC invocations=76 (full 5):
 PSYoungGen      total 6144K, used 5904K [0x00000000eab00000, 0x00000000eb500000, 0x0000000100000000)
  eden space 5120K, 100% used [0x00000000eab00000,0x00000000eb000000,0x00000000eb000000)
  from space 1024K, 76% used [0x00000000eb400000,0x00000000eb4c4010,0x00000000eb500000)
  to   space 1024K, 0% used [0x00000000eb300000,0x00000000eb300000,0x00000000eb400000)
 ParOldGen       total 103424K, used 94796K [0x00000000c0000000, 0x00000000c6500000, 0x00000000eab00000)
  object space 103424K, 91% used [0x00000000c0000000,0x00000000c5c93288,0x00000000c6500000)
 Metaspace       used 72244K, committed 73216K, reserved 1114112K
  class space    used 7703K, committed 8128K, reserved 1048576K
}
Event: 1551.680 GC heap after
{Heap after GC invocations=76 (full 5):
 PSYoungGen      total 5632K, used 432K [0x00000000eab00000, 0x00000000eb480000, 0x0000000100000000)
  eden space 5120K, 0% used [0x00000000eab00000,0x00000000eab00000,0x00000000eb000000)
  from space 512K, 84% used [0x00000000eb300000,0x00000000eb36c010,0x00000000eb380000)
  to   space 1024K, 0% used [0x00000000eb380000,0x00000000eb380000,0x00000000eb480000)
 ParOldGen       total 103424K, used 95507K [0x00000000c0000000, 0x00000000c6500000, 0x00000000eab00000)
  object space 103424K, 92% used [0x00000000c0000000,0x00000000c5d44ce8,0x00000000c6500000)
 Metaspace       used 72244K, committed 73216K, reserved 1114112K
  class space    used 7703K, committed 8128K, reserved 1048576K
}
Event: 1552.196 GC heap before
{Heap before GC invocations=77 (full 5):
 PSYoungGen      total 5632K, used 5552K [0x00000000eab00000, 0x00000000eb480000, 0x0000000100000000)
  eden space 5120K, 100% used [0x00000000eab00000,0x00000000eb000000,0x00000000eb000000)
  from space 512K, 84% used [0x00000000eb300000,0x00000000eb36c010,0x00000000eb380000)
  to   space 1024K, 0% used [0x00000000eb380000,0x00000000eb380000,0x00000000eb480000)
 ParOldGen       total 103424K, used 95507K [0x00000000c0000000, 0x00000000c6500000, 0x00000000eab00000)
  object space 103424K, 92% used [0x00000000c0000000,0x00000000c5d44ce8,0x00000000c6500000)
 Metaspace       used 72282K, committed 73216K, reserved 1114112K
  class space    used 7703K, committed 8128K, reserved 1048576K
}
Event: 1552.198 GC heap after
{Heap after GC invocations=77 (full 5):
 PSYoungGen      total 5632K, used 480K [0x00000000eab00000, 0x00000000eb400000, 0x0000000100000000)
  eden space 5120K, 0% used [0x00000000eab00000,0x00000000eab00000,0x00000000eb000000)
  from space 512K, 93% used [0x00000000eb380000,0x00000000eb3f8000,0x00000000eb400000)
  to   space 512K, 0% used [0x00000000eb300000,0x00000000eb300000,0x00000000eb380000)
 ParOldGen       total 103424K, used 95760K [0x00000000c0000000, 0x00000000c6500000, 0x00000000eab00000)
  object space 103424K, 92% used [0x00000000c0000000,0x00000000c5d84188,0x00000000c6500000)
 Metaspace       used 72282K, committed 73216K, reserved 1114112K
  class space    used 7703K, committed 8128K, reserved 1048576K
}
Event: 1554.736 GC heap before
{Heap before GC invocations=78 (full 5):
 PSYoungGen      total 5632K, used 5600K [0x00000000eab00000, 0x00000000eb400000, 0x0000000100000000)
  eden space 5120K, 100% used [0x00000000eab00000,0x00000000eb000000,0x00000000eb000000)
  from space 512K, 93% used [0x00000000eb380000,0x00000000eb3f8000,0x00000000eb400000)
  to   space 512K, 0% used [0x00000000eb300000,0x00000000eb300000,0x00000000eb380000)
 ParOldGen       total 103424K, used 95760K [0x00000000c0000000, 0x00000000c6500000, 0x00000000eab00000)
  object space 103424K, 92% used [0x00000000c0000000,0x00000000c5d84188,0x00000000c6500000)
 Metaspace       used 72325K, committed 73280K, reserved 1114112K
  class space    used 7703K, committed 8128K, reserved 1048576K
}
Event: 1554.740 GC heap after
{Heap after GC invocations=78 (full 5):
 PSYoungGen      total 5632K, used 512K [0x00000000eab00000, 0x00000000eb400000, 0x0000000100000000)
  eden space 5120K, 0% used [0x00000000eab00000,0x00000000eab00000,0x00000000eb000000)
  from space 512K, 100% used [0x00000000eb300000,0x00000000eb380000,0x00000000eb380000)
  to   space 512K, 0% used [0x00000000eb380000,0x00000000eb380000,0x00000000eb400000)
 ParOldGen       total 103424K, used 96416K [0x00000000c0000000, 0x00000000c6500000, 0x00000000eab00000)
  object space 103424K, 93% used [0x00000000c0000000,0x00000000c5e281a8,0x00000000c6500000)
 Metaspace       used 72325K, committed 73280K, reserved 1114112K
  class space    used 7703K, committed 8128K, reserved 1048576K
}
Event: 1610.422 GC heap before
{Heap before GC invocations=79 (full 5):
 PSYoungGen      total 5632K, used 5632K [0x00000000eab00000, 0x00000000eb400000, 0x0000000100000000)
  eden space 5120K, 100% used [0x00000000eab00000,0x00000000eb000000,0x00000000eb000000)
  from space 512K, 100% used [0x00000000eb300000,0x00000000eb380000,0x00000000eb380000)
  to   space 512K, 0% used [0x00000000eb380000,0x00000000eb380000,0x00000000eb400000)
 ParOldGen       total 103424K, used 96416K [0x00000000c0000000, 0x00000000c6500000, 0x00000000eab00000)
  object space 103424K, 93% used [0x00000000c0000000,0x00000000c5e281a8,0x00000000c6500000)
 Metaspace       used 72378K, committed 73344K, reserved 1114112K
  class space    used 7703K, committed 8128K, reserved 1048576K
}
Event: 1610.426 GC heap after
{Heap after GC invocations=79 (full 5):
 PSYoungGen      total 5632K, used 496K [0x00000000eab00000, 0x00000000eb500000, 0x0000000100000000)
  eden space 5120K, 0% used [0x00000000eab00000,0x00000000eab00000,0x00000000eb000000)
  from space 512K, 96% used [0x00000000eb380000,0x00000000eb3fc010,0x00000000eb400000)
  to   space 2560K, 0% used [0x00000000eb000000,0x00000000eb000000,0x00000000eb280000)
 ParOldGen       total 103424K, used 97894K [0x00000000c0000000, 0x00000000c6500000, 0x00000000eab00000)
  object space 103424K, 94% used [0x00000000c0000000,0x00000000c5f999c8,0x00000000c6500000)
 Metaspace       used 72378K, committed 73344K, reserved 1114112K
  class space    used 7703K, committed 8128K, reserved 1048576K
}
Event: 1610.493 GC heap before
{Heap before GC invocations=80 (full 5):
 PSYoungGen      total 5632K, used 5616K [0x00000000eab00000, 0x00000000eb500000, 0x0000000100000000)
  eden space 5120K, 100% used [0x00000000eab00000,0x00000000eb000000,0x00000000eb000000)
  from space 512K, 96% used [0x00000000eb380000,0x00000000eb3fc010,0x00000000eb400000)
  to   space 2560K, 0% used [0x00000000eb000000,0x00000000eb000000,0x00000000eb280000)
 ParOldGen       total 103424K, used 97894K [0x00000000c0000000, 0x00000000c6500000, 0x00000000eab00000)
  object space 103424K, 94% used [0x00000000c0000000,0x00000000c5f999c8,0x00000000c6500000)
 Metaspace       used 72398K, committed 73344K, reserved 1114112K
  class space    used 7703K, committed 8128K, reserved 1048576K
}
Event: 1610.498 GC heap after
{Heap after GC invocations=80 (full 5):
 PSYoungGen      total 7680K, used 2558K [0x00000000eab00000, 0x00000000eba00000, 0x0000000100000000)
  eden space 5120K, 0% used [0x00000000eab00000,0x00000000eab00000,0x00000000eb000000)
  from space 2560K, 99% used [0x00000000eb000000,0x00000000eb27fb70,0x00000000eb280000)
  to   space 5120K, 0% used [0x00000000eb500000,0x00000000eb500000,0x00000000eba00000)
 ParOldGen       total 103424K, used 99930K [0x00000000c0000000, 0x00000000c6500000, 0x00000000eab00000)
  object space 103424K, 96% used [0x00000000c0000000,0x00000000c61968a8,0x00000000c6500000)
 Metaspace       used 72398K, committed 73344K, reserved 1114112K
  class space    used 7703K, committed 8128K, reserved 1048576K
}
Event: 1610.561 GC heap before
{Heap before GC invocations=81 (full 5):
 PSYoungGen      total 7680K, used 7678K [0x00000000eab00000, 0x00000000eba00000, 0x0000000100000000)
  eden space 5120K, 100% used [0x00000000eab00000,0x00000000eb000000,0x00000000eb000000)
  from space 2560K, 99% used [0x00000000eb000000,0x00000000eb27fb70,0x00000000eb280000)
  to   space 5120K, 0% used [0x00000000eb500000,0x00000000eb500000,0x00000000eba00000)
 ParOldGen       total 103424K, used 99930K [0x00000000c0000000, 0x00000000c6500000, 0x00000000eab00000)
  object space 103424K, 96% used [0x00000000c0000000,0x00000000c61968a8,0x00000000c6500000)
 Metaspace       used 72405K, committed 73344K, reserved 1114112K
  class space    used 7703K, committed 8128K, reserved 1048576K
}
Event: 1610.563 GC heap after
{Heap after GC invocations=81 (full 5):
 PSYoungGen      total 5632K, used 288K [0x00000000eab00000, 0x00000000eb580000, 0x0000000100000000)
  eden space 5120K, 0% used [0x00000000eab00000,0x00000000eab00000,0x00000000eb000000)
  from space 512K, 56% used [0x00000000eb500000,0x00000000eb548000,0x00000000eb580000)
  to   space 2048K, 0% used [0x00000000eb180000,0x00000000eb180000,0x00000000eb380000)
 ParOldGen       total 103424K, used 100282K [0x00000000c0000000, 0x00000000c6500000, 0x00000000eab00000)
  object space 103424K, 96% used [0x00000000c0000000,0x00000000c61ee8a8,0x00000000c6500000)
 Metaspace       used 72405K, committed 73344K, reserved 1114112K
  class space    used 7703K, committed 8128K, reserved 1048576K
}
Event: 1610.616 GC heap before
{Heap before GC invocations=82 (full 5):
 PSYoungGen      total 5632K, used 5408K [0x00000000eab00000, 0x00000000eb580000, 0x0000000100000000)
  eden space 5120K, 100% used [0x00000000eab00000,0x00000000eb000000,0x00000000eb000000)
  from space 512K, 56% used [0x00000000eb500000,0x00000000eb548000,0x00000000eb580000)
  to   space 2048K, 0% used [0x00000000eb180000,0x00000000eb180000,0x00000000eb380000)
 ParOldGen       total 103424K, used 100282K [0x00000000c0000000, 0x00000000c6500000, 0x00000000eab00000)
  object space 103424K, 96% used [0x00000000c0000000,0x00000000c61ee8a8,0x00000000c6500000)
 Metaspace       used 72407K, committed 73344K, reserved 1114112K
  class space    used 7703K, committed 8128K, reserved 1048576K
}
Event: 1610.622 GC heap after
{Heap after GC invocations=82 (full 5):
 PSYoungGen      total 7168K, used 2046K [0x00000000eab00000, 0x00000000eba00000, 0x0000000100000000)
  eden space 5120K, 0% used [0x00000000eab00000,0x00000000eab00000,0x00000000eb000000)
  from space 2048K, 99% used [0x00000000eb180000,0x00000000eb37fb70,0x00000000eb380000)
  to   space 5120K, 0% used [0x00000000eb500000,0x00000000eb500000,0x00000000eba00000)
 ParOldGen       total 103424K, used 102312K [0x00000000c0000000, 0x00000000c6500000, 0x00000000eab00000)
  object space 103424K, 98% used [0x00000000c0000000,0x00000000c63ea2e8,0x00000000c6500000)
 Metaspace       used 72407K, committed 73344K, reserved 1114112K
  class space    used 7703K, committed 8128K, reserved 1048576K
}
Event: 1610.622 GC heap before
{Heap before GC invocations=83 (full 6):
 PSYoungGen      total 7168K, used 2046K [0x00000000eab00000, 0x00000000eba00000, 0x0000000100000000)
  eden space 5120K, 0% used [0x00000000eab00000,0x00000000eab00000,0x00000000eb000000)
  from space 2048K, 99% used [0x00000000eb180000,0x00000000eb37fb70,0x00000000eb380000)
  to   space 5120K, 0% used [0x00000000eb500000,0x00000000eb500000,0x00000000eba00000)
 ParOldGen       total 103424K, used 102312K [0x00000000c0000000, 0x00000000c6500000, 0x00000000eab00000)
  object space 103424K, 98% used [0x00000000c0000000,0x00000000c63ea2e8,0x00000000c6500000)
 Metaspace       used 72407K, committed 73344K, reserved 1114112K
  class space    used 7703K, committed 8128K, reserved 1048576K
}

